# JRE version: OpenJDK Runtime Environment Temurin-21.0.8+9 (21.0.8+9) (build 21.0.8+9-LTS)
# Java VM: OpenJDK 64-Bit Server VM Temurin-21.0.8+9 (21.0.8+9-LTS, mixed mode, sharing, tiered, compressed oops, compressed class ptrs, parallel gc, windows-amd64)
GC Precious Log:
 CardTable entry size: 512
 CPUs: 8 total, 8 available
 Memory: 7975M
 Large Page Support: Disabled
 NUMA Support: Disabled
 Compressed Oops: Enabled (32-bit)
 Alignments: Space 512K, Generation 512K, Heap 2M
 Heap Min Capacity: 100M
 Heap Initial Capacity: 100M
 Heap Max Capacity: 2G
 Pre-touch: Disabled
 Parallel Workers: 8
Heap:
 PSYoungGen      total 4096K, used 1141K [0x00000000d5580000, 0x00000000d5b80000, 0x0000000100000000)
  eden space 3072K, 15% used [0x00000000d5580000,0x00000000d55f5668,0x00000000d5880000)
  from space 1024K, 65% used [0x00000000d5880000,0x00000000d5928000,0x00000000d5980000)
  to   space 1024K, 0% used [0x00000000d5a80000,0x00000000d5a80000,0x00000000d5b80000)
 ParOldGen       total 907776K, used 907511K [0x0000000080000000, 0x00000000b7680000, 0x00000000d5580000)
  object space 907776K, 99% used [0x0000000080000000,0x00000000b763ded0,0x00000000b7680000)
 Metaspace       used 97496K, committed 99328K, reserved 1179648K
  class space    used 9836K, committed 10688K, reserved 1048576K
GC Heap History (20 events):
Event: 22016.252 GC heap before
{Heap before GC invocations=4105 (full 11):
 PSYoungGen      total 3584K, used 3552K [0x00000000d5580000, 0x00000000d5a80000, 0x0000000100000000)
  eden space 3072K, 100% used [0x00000000d5580000,0x00000000d5880000,0x00000000d5880000)
  from space 512K, 93% used [0x00000000d5900000,0x00000000d5978020,0x00000000d5980000)
  to   space 1024K, 0% used [0x00000000d5980000,0x00000000d5980000,0x00000000d5a80000)
 ParOldGen       total 903680K, used 903282K [0x0000000080000000, 0x00000000b7280000, 0x00000000d5580000)
  object space 903680K, 99% used [0x0000000080000000,0x00000000b721c970,0x00000000b7280000)
 Metaspace       used 97484K, committed 99328K, reserved 1179648K
  class space    used 9836K, committed 10688K, reserved 1048576K
}
Event: 22016.255 GC heap after
{Heap after GC invocations=4105 (full 11):
 PSYoungGen      total 4096K, used 740K [0x00000000d5580000, 0x00000000d5a80000, 0x0000000100000000)
  eden space 3072K, 0% used [0x00000000d5580000,0x00000000d5580000,0x00000000d5880000)
  from space 1024K, 72% used [0x00000000d5980000,0x00000000d5a39210,0x00000000d5a80000)
  to   space 1024K, 0% used [0x00000000d5880000,0x00000000d5880000,0x00000000d5980000)
 ParOldGen       total 904192K, used 903740K [0x0000000080000000, 0x00000000b7300000, 0x00000000d5580000)
  object space 904192K, 99% used [0x0000000080000000,0x00000000b728f2a0,0x00000000b7300000)
 Metaspace       used 97484K, committed 99328K, reserved 1179648K
  class space    used 9836K, committed 10688K, reserved 1048576K
}
Event: 22016.266 GC heap before
{Heap before GC invocations=4106 (full 11):
 PSYoungGen      total 4096K, used 3812K [0x00000000d5580000, 0x00000000d5a80000, 0x0000000100000000)
  eden space 3072K, 100% used [0x00000000d5580000,0x00000000d5880000,0x00000000d5880000)
  from space 1024K, 72% used [0x00000000d5980000,0x00000000d5a39210,0x00000000d5a80000)
  to   space 1024K, 0% used [0x00000000d5880000,0x00000000d5880000,0x00000000d5980000)
 ParOldGen       total 904192K, used 903740K [0x0000000080000000, 0x00000000b7300000, 0x00000000d5580000)
  object space 904192K, 99% used [0x0000000080000000,0x00000000b728f2a0,0x00000000b7300000)
 Metaspace       used 97484K, committed 99328K, reserved 1179648K
  class space    used 9836K, committed 10688K, reserved 1048576K
}
Event: 22016.268 GC heap after
{Heap after GC invocations=4106 (full 11):
 PSYoungGen      total 4096K, used 298K [0x00000000d5580000, 0x00000000d5a00000, 0x0000000100000000)
  eden space 3072K, 0% used [0x00000000d5580000,0x00000000d5580000,0x00000000d5880000)
  from space 1024K, 29% used [0x00000000d5880000,0x00000000d58ca910,0x00000000d5980000)
  to   space 512K, 0% used [0x00000000d5980000,0x00000000d5980000,0x00000000d5a00000)
 ParOldGen       total 904192K, used 903964K [0x0000000080000000, 0x00000000b7300000, 0x00000000d5580000)
  object space 904192K, 99% used [0x0000000080000000,0x00000000b72c72a0,0x00000000b7300000)
 Metaspace       used 97484K, committed 99328K, reserved 1179648K
  class space    used 9836K, committed 10688K, reserved 1048576K
}
Event: 22016.272 GC heap before
{Heap before GC invocations=4107 (full 11):
 PSYoungGen      total 4096K, used 3370K [0x00000000d5580000, 0x00000000d5a00000, 0x0000000100000000)
  eden space 3072K, 100% used [0x00000000d5580000,0x00000000d5880000,0x00000000d5880000)
  from space 1024K, 29% used [0x00000000d5880000,0x00000000d58ca910,0x00000000d5980000)
  to   space 512K, 0% used [0x00000000d5980000,0x00000000d5980000,0x00000000d5a00000)
 ParOldGen       total 904192K, used 903964K [0x0000000080000000, 0x00000000b7300000, 0x00000000d5580000)
  object space 904192K, 99% used [0x0000000080000000,0x00000000b72c72a0,0x00000000b7300000)
 Metaspace       used 97484K, committed 99328K, reserved 1179648K
  class space    used 9836K, committed 10688K, reserved 1048576K
}
Event: 22016.274 GC heap after
{Heap after GC invocations=4107 (full 11):
 PSYoungGen      total 3584K, used 480K [0x00000000d5580000, 0x00000000d5a80000, 0x0000000100000000)
  eden space 3072K, 0% used [0x00000000d5580000,0x00000000d5580000,0x00000000d5880000)
  from space 512K, 93% used [0x00000000d5980000,0x00000000d59f8000,0x00000000d5a00000)
  to   space 1024K, 0% used [0x00000000d5880000,0x00000000d5880000,0x00000000d5980000)
 ParOldGen       total 904192K, used 904161K [0x0000000080000000, 0x00000000b7300000, 0x00000000d5580000)
  object space 904192K, 99% used [0x0000000080000000,0x00000000b72f84b0,0x00000000b7300000)
 Metaspace       used 97484K, committed 99328K, reserved 1179648K
  class space    used 9836K, committed 10688K, reserved 1048576K
}
Event: 22016.283 GC heap before
{Heap before GC invocations=4108 (full 11):
 PSYoungGen      total 3584K, used 3552K [0x00000000d5580000, 0x00000000d5a80000, 0x0000000100000000)
  eden space 3072K, 100% used [0x00000000d5580000,0x00000000d5880000,0x00000000d5880000)
  from space 512K, 93% used [0x00000000d5980000,0x00000000d59f8000,0x00000000d5a00000)
  to   space 1024K, 0% used [0x00000000d5880000,0x00000000d5880000,0x00000000d5980000)
 ParOldGen       total 904192K, used 904161K [0x0000000080000000, 0x00000000b7300000, 0x00000000d5580000)
  object space 904192K, 99% used [0x0000000080000000,0x00000000b72f84b0,0x00000000b7300000)
 Metaspace       used 97486K, committed 99328K, reserved 1179648K
  class space    used 9836K, committed 10688K, reserved 1048576K
}
Event: 22016.285 GC heap after
{Heap after GC invocations=4108 (full 11):
 PSYoungGen      total 4096K, used 676K [0x00000000d5580000, 0x00000000d5a80000, 0x0000000100000000)
  eden space 3072K, 0% used [0x00000000d5580000,0x00000000d5580000,0x00000000d5880000)
  from space 1024K, 66% used [0x00000000d5880000,0x00000000d5929210,0x00000000d5980000)
  to   space 1024K, 0% used [0x00000000d5980000,0x00000000d5980000,0x00000000d5a80000)
 ParOldGen       total 904704K, used 904521K [0x0000000080000000, 0x00000000b7380000, 0x00000000d5580000)
  object space 904704K, 99% used [0x0000000080000000,0x00000000b73524b0,0x00000000b7380000)
 Metaspace       used 97486K, committed 99328K, reserved 1179648K
  class space    used 9836K, committed 10688K, reserved 1048576K
}
Event: 22016.288 GC heap before
{Heap before GC invocations=4109 (full 11):
 PSYoungGen      total 4096K, used 3748K [0x00000000d5580000, 0x00000000d5a80000, 0x0000000100000000)
  eden space 3072K, 100% used [0x00000000d5580000,0x00000000d5880000,0x00000000d5880000)
  from space 1024K, 66% used [0x00000000d5880000,0x00000000d5929210,0x00000000d5980000)
  to   space 1024K, 0% used [0x00000000d5980000,0x00000000d5980000,0x00000000d5a80000)
 ParOldGen       total 904704K, used 904521K [0x0000000080000000, 0x00000000b7380000, 0x00000000d5580000)
  object space 904704K, 99% used [0x0000000080000000,0x00000000b73524b0,0x00000000b7380000)
 Metaspace       used 97486K, committed 99328K, reserved 1179648K
  class space    used 9836K, committed 10688K, reserved 1048576K
}
Event: 22016.290 GC heap after
{Heap after GC invocations=4109 (full 11):
 PSYoungGen      total 4096K, used 480K [0x00000000d5580000, 0x00000000d5b80000, 0x0000000100000000)
  eden space 3072K, 0% used [0x00000000d5580000,0x00000000d5580000,0x00000000d5880000)
  from space 1024K, 46% used [0x00000000d5980000,0x00000000d59f8000,0x00000000d5a80000)
  to   space 1024K, 0% used [0x00000000d5880000,0x00000000d5880000,0x00000000d5980000)
 ParOldGen       total 905216K, used 905057K [0x0000000080000000, 0x00000000b7400000, 0x00000000d5580000)
  object space 905216K, 99% used [0x0000000080000000,0x00000000b73d85b0,0x00000000b7400000)
 Metaspace       used 97486K, committed 99328K, reserved 1179648K
  class space    used 9836K, committed 10688K, reserved 1048576K
}
Event: 22016.300 GC heap before
{Heap before GC invocations=4110 (full 11):
 PSYoungGen      total 4096K, used 3552K [0x00000000d5580000, 0x00000000d5b80000, 0x0000000100000000)
  eden space 3072K, 100% used [0x00000000d5580000,0x00000000d5880000,0x00000000d5880000)
  from space 1024K, 46% used [0x00000000d5980000,0x00000000d59f8000,0x00000000d5a80000)
  to   space 1024K, 0% used [0x00000000d5880000,0x00000000d5880000,0x00000000d5980000)
 ParOldGen       total 905216K, used 905057K [0x0000000080000000, 0x00000000b7400000, 0x00000000d5580000)
  object space 905216K, 99% used [0x0000000080000000,0x00000000b73d85b0,0x00000000b7400000)
 Metaspace       used 97487K, committed 99328K, reserved 1179648K
  class space    used 9836K, committed 10688K, reserved 1048576K
}
Event: 22016.302 GC heap after
{Heap after GC invocations=4110 (full 11):
 PSYoungGen      total 4096K, used 602K [0x00000000d5580000, 0x00000000d5b80000, 0x0000000100000000)
  eden space 3072K, 0% used [0x00000000d5580000,0x00000000d5580000,0x00000000d5880000)
  from space 1024K, 58% used [0x00000000d5880000,0x00000000d5916900,0x00000000d5980000)
  to   space 1024K, 0% used [0x00000000d5a80000,0x00000000d5a80000,0x00000000d5b80000)
 ParOldGen       total 905728K, used 905417K [0x0000000080000000, 0x00000000b7480000, 0x00000000d5580000)
  object space 905728K, 99% used [0x0000000080000000,0x00000000b74325b0,0x00000000b7480000)
 Metaspace       used 97487K, committed 99328K, reserved 1179648K
  class space    used 9836K, committed 10688K, reserved 1048576K
}
Event: 22016.336 GC heap before
{Heap before GC invocations=4111 (full 11):
 PSYoungGen      total 4096K, used 3674K [0x00000000d5580000, 0x00000000d5b80000, 0x0000000100000000)
  eden space 3072K, 100% used [0x00000000d5580000,0x00000000d5880000,0x00000000d5880000)
  from space 1024K, 58% used [0x00000000d5880000,0x00000000d5916900,0x00000000d5980000)
  to   space 1024K, 0% used [0x00000000d5a80000,0x00000000d5a80000,0x00000000d5b80000)
 ParOldGen       total 905728K, used 905417K [0x0000000080000000, 0x00000000b7480000, 0x00000000d5580000)
  object space 905728K, 99% used [0x0000000080000000,0x00000000b74325b0,0x00000000b7480000)
 Metaspace       used 97487K, committed 99328K, reserved 1179648K
  class space    used 9836K, committed 10688K, reserved 1048576K
}
Event: 22016.338 GC heap after
{Heap after GC invocations=4111 (full 11):
 PSYoungGen      total 4096K, used 640K [0x00000000d5580000, 0x00000000d5b80000, 0x0000000100000000)
  eden space 3072K, 0% used [0x00000000d5580000,0x00000000d5580000,0x00000000d5880000)
  from space 1024K, 62% used [0x00000000d5a80000,0x00000000d5b20000,0x00000000d5b80000)
  to   space 1024K, 0% used [0x00000000d5880000,0x00000000d5880000,0x00000000d5980000)
 ParOldGen       total 906240K, used 905953K [0x0000000080000000, 0x00000000b7500000, 0x00000000d5580000)
  object space 906240K, 99% used [0x0000000080000000,0x00000000b74b85e0,0x00000000b7500000)
 Metaspace       used 97487K, committed 99328K, reserved 1179648K
  class space    used 9836K, committed 10688K, reserved 1048576K
}
Event: 22016.355 GC heap before
{Heap before GC invocations=4112 (full 11):
 PSYoungGen      total 4096K, used 3712K [0x00000000d5580000, 0x00000000d5b80000, 0x0000000100000000)
  eden space 3072K, 100% used [0x00000000d5580000,0x00000000d5880000,0x00000000d5880000)
  from space 1024K, 62% used [0x00000000d5a80000,0x00000000d5b20000,0x00000000d5b80000)
  to   space 1024K, 0% used [0x00000000d5880000,0x00000000d5880000,0x00000000d5980000)
 ParOldGen       total 906240K, used 905953K [0x0000000080000000, 0x00000000b7500000, 0x00000000d5580000)
  object space 906240K, 99% used [0x0000000080000000,0x00000000b74b85e0,0x00000000b7500000)
 Metaspace       used 97494K, committed 99328K, reserved 1179648K
  class space    used 9836K, committed 10688K, reserved 1048576K
}
Event: 22016.356 GC heap after
{Heap after GC invocations=4112 (full 11):
 PSYoungGen      total 4096K, used 608K [0x00000000d5580000, 0x00000000d5b00000, 0x0000000100000000)
  eden space 3072K, 0% used [0x00000000d5580000,0x00000000d5580000,0x00000000d5880000)
  from space 1024K, 59% used [0x00000000d5880000,0x00000000d5918000,0x00000000d5980000)
  to   space 1024K, 0% used [0x00000000d5a00000,0x00000000d5a00000,0x00000000d5b00000)
 ParOldGen       total 906752K, used 906477K [0x0000000080000000, 0x00000000b7580000, 0x00000000d5580000)
  object space 906752K, 99% used [0x0000000080000000,0x00000000b753b5f0,0x00000000b7580000)
 Metaspace       used 97494K, committed 99328K, reserved 1179648K
  class space    used 9836K, committed 10688K, reserved 1048576K
}
Event: 22016.361 GC heap before
{Heap before GC invocations=4113 (full 11):
 PSYoungGen      total 4096K, used 3680K [0x00000000d5580000, 0x00000000d5b00000, 0x0000000100000000)
  eden space 3072K, 100% used [0x00000000d5580000,0x00000000d5880000,0x00000000d5880000)
  from space 1024K, 59% used [0x00000000d5880000,0x00000000d5918000,0x00000000d5980000)
  to   space 1024K, 0% used [0x00000000d5a00000,0x00000000d5a00000,0x00000000d5b00000)
 ParOldGen       total 906752K, used 906477K [0x0000000080000000, 0x00000000b7580000, 0x00000000d5580000)
  object space 906752K, 99% used [0x0000000080000000,0x00000000b753b5f0,0x00000000b7580000)
 Metaspace       used 97494K, committed 99328K, reserved 1179648K
  class space    used 9836K, committed 10688K, reserved 1048576K
}
Event: 22016.363 GC heap after
{Heap after GC invocations=4113 (full 11):
 PSYoungGen      total 4096K, used 714K [0x00000000d5580000, 0x00000000d5b00000, 0x0000000100000000)
  eden space 3072K, 0% used [0x00000000d5580000,0x00000000d5580000,0x00000000d5880000)
  from space 1024K, 69% used [0x00000000d5a00000,0x00000000d5ab2910,0x00000000d5b00000)
  to   space 1024K, 0% used [0x00000000d5880000,0x00000000d5880000,0x00000000d5980000)
 ParOldGen       total 907264K, used 906915K [0x0000000080000000, 0x00000000b7600000, 0x00000000d5580000)
  object space 907264K, 99% used [0x0000000080000000,0x00000000b75a8d70,0x00000000b7600000)
 Metaspace       used 97494K, committed 99328K, reserved 1179648K
  class space    used 9836K, committed 10688K, reserved 1048576K
}
Event: 22016.369 GC heap before
{Heap before GC invocations=4114 (full 11):
 PSYoungGen      total 4096K, used 3786K [0x00000000d5580000, 0x00000000d5b00000, 0x0000000100000000)
  eden space 3072K, 100% used [0x00000000d5580000,0x00000000d5880000,0x00000000d5880000)
  from space 1024K, 69% used [0x00000000d5a00000,0x00000000d5ab2910,0x00000000d5b00000)
  to   space 1024K, 0% used [0x00000000d5880000,0x00000000d5880000,0x00000000d5980000)
 ParOldGen       total 907264K, used 906915K [0x0000000080000000, 0x00000000b7600000, 0x00000000d5580000)
  object space 907264K, 99% used [0x0000000080000000,0x00000000b75a8d70,0x00000000b7600000)
 Metaspace       used 97495K, committed 99328K, reserved 1179648K
  class space    used 9836K, committed 10688K, reserved 1048576K
}
Event: 22016.371 GC heap after
{Heap after GC invocations=4114 (full 11):
 PSYoungGen      total 4096K, used 672K [0x00000000d5580000, 0x00000000d5b80000, 0x0000000100000000)
  eden space 3072K, 0% used [0x00000000d5580000,0x00000000d5580000,0x00000000d5880000)
  from space 1024K, 65% used [0x00000000d5880000,0x00000000d5928000,0x00000000d5980000)
  to   space 1024K, 0% used [0x00000000d5a80000,0x00000000d5a80000,0x00000000d5b80000)
 ParOldGen       total 907776K, used 907511K [0x0000000080000000, 0x00000000b7680000, 0x00000000d5580000)
  object space 907776K, 99% used [0x0000000080000000,0x00000000b763ded0,0x00000000b7680000)
 Metaspace       used 97495K, committed 99328K, reserved 1179648K
  class space    used 9836K, committed 10688K, reserved 1048576K
}

